<?xml version="1.0" encoding="UTF-8"?>
<!-- Generated by org.testng.reporters.JUnitReportReporter -->
<testsuite skipped="0" hostname="RahulKaelsMini2" name="com.ghana.app.qa.testcases.ConsulatePageTest" tests="10" failures="0" timestamp="02 Mar 2019 09:10:06 GMT" time="38.467" errors="1">
  <testcase name="loginIntoConsulate" time="1.622" classname="com.ghana.app.qa.testcases.ConsulatePageTest"/>
  <testcase name="verifyTitleOfConsulateTitle" time="0.066" classname="com.ghana.app.qa.testcases.ConsulatePageTest"/>
  <testcase name="clickOnNewApplication" time="2.482" classname="com.ghana.app.qa.testcases.ConsulatePageTest"/>
  <testcase name="verfiyTitleOfCNAddressInfoPage" time="0.650" classname="com.ghana.app.qa.testcases.ConsulatePageTest"/>
  <testcase name="verfiyTitleOfCNTravelInfoPage" time="0.564" classname="com.ghana.app.qa.testcases.ConsulatePageTest"/>
  <testcase name="verfiyTitleOfCNDocumentVerificatonPage" time="0.515" classname="com.ghana.app.qa.testcases.ConsulatePageTest"/>
  <testcase name="clickOnCheckBoxes" time="0.094" classname="com.ghana.app.qa.testcases.ConsulatePageTest"/>
  <testcase name="passComment" time="1.038" classname="com.ghana.app.qa.testcases.ConsulatePageTest"/>
  <testcase name="clickOnConfirmedAirTicketWindow" time="30.360" classname="com.ghana.app.qa.testcases.ConsulatePageTest">
    <error type="org.openqa.selenium.NoSuchElementException" message="no such element: Unable to locate element: {&quot;method&quot;:&quot;xpath&quot;,&quot;selector&quot;:&quot;//body[@data-gr-c-s-loaded=&#039;true&#039;]/div[@class=&#039;container-scroller&#039;]/div[@class=&#039;container-fluid page-body-wrapper&#039;]/div[@class=&#039;main-panel&#039;]/div[@class=&#039;content-wrapper&#039;]/div[@class=&#039;row&#039;]/div[@class=&#039;col-sm-4 stretch-card&#039;]/div[@class=&#039;wrapper&#039;]/div[@class=&#039;card&#039;]/div[@class=&#039;card-body&#039;]/form[@class=&#039;forms-sample&#039;]/div[@class=&#039;form-group row&#039;]/div[1]&quot;}
  (Session info: chrome=72.0.3626.119)
  (Driver info: chromedriver=73.0.3683.20 (8e2b610813e167eee3619ac4ce6e42e3ec622017),platform=Mac OS X 10.11.6 x86_64) (WARNING: The server did not provide any stacktrace information)
Command duration or timeout: 0 milliseconds
For documentation on this error, please visit: https://www.seleniumhq.org/exceptions/no_such_element.html
Build info: version: &#039;3.141.59&#039;, revision: &#039;e82be7d358&#039;, time: &#039;2018-11-14T08:17:03&#039;
System info: host: &#039;RahulKaelsMini2&#039;, ip: &#039;192.168.1.32&#039;, os.name: &#039;Mac OS X&#039;, os.arch: &#039;x86_64&#039;, os.version: &#039;10.11.6&#039;, java.version: &#039;1.8.0_162&#039;
Driver info: org.openqa.selenium.chrome.ChromeDriver
Capabilities {acceptInsecureCerts: false, acceptSslCerts: false, applicationCacheEnabled: false, browserConnectionEnabled: false, browserName: chrome, chrome: {chromedriverVersion: 73.0.3683.20 (8e2b610813e16..., userDataDir: /var/folders/kx/zbpb8zjd5rs...}, cssSelectorsEnabled: true, databaseEnabled: false, goog:chromeOptions: {debuggerAddress: localhost:49632}, handlesAlerts: true, hasTouchScreen: false, javascriptEnabled: true, locationContextEnabled: true, mobileEmulationEnabled: false, nativeEvents: true, networkConnectionEnabled: false, pageLoadStrategy: normal, platform: MAC, platformName: MAC, proxy: Proxy(), rotatable: false, setWindowRect: true, strictFileInteractability: false, takesHeapSnapshot: true, takesScreenshot: true, timeouts: {implicit: 0, pageLoad: 300000, script: 30000}, unexpectedAlertBehaviour: ignore, unhandledPromptBehavior: ignore, version: 72.0.3626.119, webStorageEnabled: true}
Session ID: f1a2cadc8b4cc47792006a8d362d54e4
*** Element info: {Using=xpath, value=//body[@data-gr-c-s-loaded=&#039;true&#039;]/div[@class=&#039;container-scroller&#039;]/div[@class=&#039;container-fluid page-body-wrapper&#039;]/div[@class=&#039;main-panel&#039;]/div[@class=&#039;content-wrapper&#039;]/div[@class=&#039;row&#039;]/div[@class=&#039;col-sm-4 stretch-card&#039;]/div[@class=&#039;wrapper&#039;]/div[@class=&#039;card&#039;]/div[@class=&#039;card-body&#039;]/form[@class=&#039;forms-sample&#039;]/div[@class=&#039;form-group row&#039;]/div[1]}">
      <![CDATA[org.openqa.selenium.NoSuchElementException: no such element: Unable to locate element: {"method":"xpath","selector":"//body[@data-gr-c-s-loaded='true']/div[@class='container-scroller']/div[@class='container-fluid page-body-wrapper']/div[@class='main-panel']/div[@class='content-wrapper']/div[@class='row']/div[@class='col-sm-4 stretch-card']/div[@class='wrapper']/div[@class='card']/div[@class='card-body']/form[@class='forms-sample']/div[@class='form-group row']/div[1]"}
  (Session info: chrome=72.0.3626.119)
  (Driver info: chromedriver=73.0.3683.20 (8e2b610813e167eee3619ac4ce6e42e3ec622017),platform=Mac OS X 10.11.6 x86_64) (WARNING: The server did not provide any stacktrace information)
Command duration or timeout: 0 milliseconds
For documentation on this error, please visit: https://www.seleniumhq.org/exceptions/no_such_element.html
Build info: version: '3.141.59', revision: 'e82be7d358', time: '2018-11-14T08:17:03'
System info: host: 'RahulKaelsMini2', ip: '192.168.1.32', os.name: 'Mac OS X', os.arch: 'x86_64', os.version: '10.11.6', java.version: '1.8.0_162'
Driver info: org.openqa.selenium.chrome.ChromeDriver
Capabilities {acceptInsecureCerts: false, acceptSslCerts: false, applicationCacheEnabled: false, browserConnectionEnabled: false, browserName: chrome, chrome: {chromedriverVersion: 73.0.3683.20 (8e2b610813e16..., userDataDir: /var/folders/kx/zbpb8zjd5rs...}, cssSelectorsEnabled: true, databaseEnabled: false, goog:chromeOptions: {debuggerAddress: localhost:49632}, handlesAlerts: true, hasTouchScreen: false, javascriptEnabled: true, locationContextEnabled: true, mobileEmulationEnabled: false, nativeEvents: true, networkConnectionEnabled: false, pageLoadStrategy: normal, platform: MAC, platformName: MAC, proxy: Proxy(), rotatable: false, setWindowRect: true, strictFileInteractability: false, takesHeapSnapshot: true, takesScreenshot: true, timeouts: {implicit: 0, pageLoad: 300000, script: 30000}, unexpectedAlertBehaviour: ignore, unhandledPromptBehavior: ignore, version: 72.0.3626.119, webStorageEnabled: true}
Session ID: f1a2cadc8b4cc47792006a8d362d54e4
*** Element info: {Using=xpath, value=//body[@data-gr-c-s-loaded='true']/div[@class='container-scroller']/div[@class='container-fluid page-body-wrapper']/div[@class='main-panel']/div[@class='content-wrapper']/div[@class='row']/div[@class='col-sm-4 stretch-card']/div[@class='wrapper']/div[@class='card']/div[@class='card-body']/form[@class='forms-sample']/div[@class='form-group row']/div[1]}
at sun.reflect.NativeConstructorAccessorImpl.newInstance0(Native Method)
at sun.reflect.NativeConstructorAccessorImpl.newInstance(NativeConstructorAccessorImpl.java:62)
at sun.reflect.DelegatingConstructorAccessorImpl.newInstance(DelegatingConstructorAccessorImpl.java:45)
at java.lang.reflect.Constructor.newInstance(Constructor.java:423)
at org.openqa.selenium.remote.ErrorHandler.createThrowable(ErrorHandler.java:214)
at org.openqa.selenium.remote.ErrorHandler.throwIfResponseFailed(ErrorHandler.java:166)
at org.openqa.selenium.remote.http.JsonHttpResponseCodec.reconstructValue(JsonHttpResponseCodec.java:40)
at org.openqa.selenium.remote.http.AbstractHttpResponseCodec.decode(AbstractHttpResponseCodec.java:80)
at org.openqa.selenium.remote.http.AbstractHttpResponseCodec.decode(AbstractHttpResponseCodec.java:44)
at org.openqa.selenium.remote.HttpCommandExecutor.execute(HttpCommandExecutor.java:158)
at org.openqa.selenium.remote.service.DriverCommandExecutor.execute(DriverCommandExecutor.java:83)
at org.openqa.selenium.remote.RemoteWebDriver.execute(RemoteWebDriver.java:552)
at org.openqa.selenium.remote.RemoteWebDriver.findElement(RemoteWebDriver.java:323)
at org.openqa.selenium.remote.RemoteWebDriver.findElementByXPath(RemoteWebDriver.java:428)
at org.openqa.selenium.By$ByXPath.findElement(By.java:353)
at org.openqa.selenium.remote.RemoteWebDriver.findElement(RemoteWebDriver.java:315)
at org.openqa.selenium.support.pagefactory.DefaultElementLocator.findElement(DefaultElementLocator.java:69)
at org.openqa.selenium.support.pagefactory.internal.LocatingElementHandler.invoke(LocatingElementHandler.java:38)
at com.sun.proxy.$Proxy8.getCoordinates(Unknown Source)
at org.openqa.selenium.interactions.internal.MouseAction.getActionLocation(MouseAction.java:69)
at org.openqa.selenium.interactions.MoveMouseAction.perform(MoveMouseAction.java:42)
at org.openqa.selenium.interactions.CompositeAction.perform(CompositeAction.java:34)
at org.openqa.selenium.interactions.Actions$BuiltAction.perform(Actions.java:642)
at org.openqa.selenium.interactions.Actions.perform(Actions.java:595)
at com.ghana.app.qa.pages.CNDocumentVerificaton.clickOnConfirmAirTicket(CNDocumentVerificaton.java:220)
at com.ghana.app.qa.testcases.ConsulatePageTest.clickOnConfirmedAirTicketWindow(ConsulatePageTest.java:83)
at sun.reflect.NativeMethodAccessorImpl.invoke0(Native Method)
at sun.reflect.NativeMethodAccessorImpl.invoke(NativeMethodAccessorImpl.java:62)
at sun.reflect.DelegatingMethodAccessorImpl.invoke(DelegatingMethodAccessorImpl.java:43)
at java.lang.reflect.Method.invoke(Method.java:498)
at org.testng.internal.MethodInvocationHelper.invokeMethod(MethodInvocationHelper.java:124)
at org.testng.internal.Invoker.invokeMethod(Invoker.java:583)
at org.testng.internal.Invoker.invokeTestMethod(Invoker.java:719)
at org.testng.internal.Invoker.invokeTestMethods(Invoker.java:989)
at org.testng.internal.TestMethodWorker.invokeTestMethods(TestMethodWorker.java:125)
at org.testng.internal.TestMethodWorker.run(TestMethodWorker.java:109)
at org.testng.TestRunner.privateRun(TestRunner.java:648)
at org.testng.TestRunner.run(TestRunner.java:505)
at org.testng.SuiteRunner.runTest(SuiteRunner.java:455)
at org.testng.SuiteRunner.runSequentially(SuiteRunner.java:450)
at org.testng.SuiteRunner.privateRun(SuiteRunner.java:415)
at org.testng.SuiteRunner.run(SuiteRunner.java:364)
at org.testng.SuiteRunnerWorker.runSuite(SuiteRunnerWorker.java:52)
at org.testng.SuiteRunnerWorker.run(SuiteRunnerWorker.java:84)
at org.testng.TestNG.runSuitesSequentially(TestNG.java:1208)
at org.testng.TestNG.runSuitesLocally(TestNG.java:1137)
at org.testng.TestNG.runSuites(TestNG.java:1049)
at org.testng.TestNG.run(TestNG.java:1017)
at org.testng.remote.AbstractRemoteTestNG.run(AbstractRemoteTestNG.java:114)
at org.testng.remote.RemoteTestNG.initAndRun(RemoteTestNG.java:251)
at org.testng.remote.RemoteTestNG.main(RemoteTestNG.java:77)
]]>
    </error>
  </testcase> <!-- clickOnConfirmedAirTicketWindow -->
  <testcase name="clickOnOnPhoto" time="1.076" classname="com.ghana.app.qa.testcases.ConsulatePageTest"/>
</testsuite> <!-- com.ghana.app.qa.testcases.ConsulatePageTest -->
