<?xml version="1.0" encoding="UTF-8"?>
<!-- Generated by org.testng.reporters.JUnitReportReporter -->
<testsuite skipped="0" hostname="RahulKaelsMini2" name="com.ghana.app.qa.testcases.HighCommissionPageTest" tests="102" failures="5" timestamp="27 Mar 2019 12:19:51 GMT" time="311.433" errors="0">
  <testcase name="validateHomePageTitle" time="0.025" classname="com.ghana.app.qa.testcases.HighCommissionPageTest"/>
  <testcase name="verifyApplyVisaClickTest" time="0.434" classname="com.ghana.app.qa.testcases.HighCommissionPageTest"/>
  <testcase name="getVisaCategoriesText" time="0.048" classname="com.ghana.app.qa.testcases.HighCommissionPageTest"/>
  <testcase name="clickOnVisaTypeTest" time="0.617" classname="com.ghana.app.qa.testcases.HighCommissionPageTest"/>
  <testcase name="selectPassPortType" time="5.600" classname="com.ghana.app.qa.testcases.HighCommissionPageTest"/>
  <testcase name="selectNationalityTest" time="2.404" classname="com.ghana.app.qa.testcases.HighCommissionPageTest"/>
  <testcase name="selectPortOfArrivalTest" time="0.138" classname="com.ghana.app.qa.testcases.HighCommissionPageTest"/>
  <testcase name="passPhoneNoTest" time="0.173" classname="com.ghana.app.qa.testcases.HighCommissionPageTest"/>
  <testcase name="passEmailIdTest" time="0.341" classname="com.ghana.app.qa.testcases.HighCommissionPageTest"/>
  <testcase name="passReEmailIdTest" time="0.300" classname="com.ghana.app.qa.testcases.HighCommissionPageTest"/>
  <testcase name="enterCaptchaFieldTest" time="0.125" classname="com.ghana.app.qa.testcases.HighCommissionPageTest"/>
  <testcase name="selectDateOfBirthTest" time="1.259" classname="com.ghana.app.qa.testcases.HighCommissionPageTest"/>
  <testcase name="clickOnSaveAndContinueBtnTest" time="2.035" classname="com.ghana.app.qa.testcases.HighCommissionPageTest"/>
  <testcase name="getApplicationPageTitleTest" time="2.011" classname="com.ghana.app.qa.testcases.HighCommissionPageTest"/>
  <testcase name="getApplicationIdTest" time="0.031" classname="com.ghana.app.qa.testcases.HighCommissionPageTest"/>
  <testcase name="selectVisaFeesTest" time="0.127" classname="com.ghana.app.qa.testcases.HighCommissionPageTest"/>
  <testcase name="selectVisaLocationTest" time="0.125" classname="com.ghana.app.qa.testcases.HighCommissionPageTest"/>
  <testcase name="passFirstNameTest" time="0.102" classname="com.ghana.app.qa.testcases.HighCommissionPageTest"/>
  <testcase name="passLastNameTest" time="0.125" classname="com.ghana.app.qa.testcases.HighCommissionPageTest"/>
  <testcase name="passPassportNumberTest" time="0.148" classname="com.ghana.app.qa.testcases.HighCommissionPageTest"/>
  <testcase name="clickOnGenderTest" time="2.103" classname="com.ghana.app.qa.testcases.HighCommissionPageTest"/>
  <testcase name="selectPassIssueDateTest" time="0.214" classname="com.ghana.app.qa.testcases.HighCommissionPageTest"/>
  <testcase name="selectPassExpiryDateTest" time="0.226" classname="com.ghana.app.qa.testcases.HighCommissionPageTest"/>
  <testcase name="passPlaceOfBirthTest" time="0.139" classname="com.ghana.app.qa.testcases.HighCommissionPageTest"/>
  <testcase name="clickOnSaveAndContinueTest" time="4.554" classname="com.ghana.app.qa.testcases.HighCommissionPageTest"/>
  <testcase name="selectFormerNationalityTest" time="2.156" classname="com.ghana.app.qa.testcases.HighCommissionPageTest"/>
  <testcase name="filladdressInfoTest" time="1.401" classname="com.ghana.app.qa.testcases.HighCommissionPageTest"/>
  <testcase name="clickSaveAndContinuebtnTest" time="0.251" classname="com.ghana.app.qa.testcases.HighCommissionPageTest"/>
  <testcase name="emergencyContactDetailsTest" time="0.339" classname="com.ghana.app.qa.testcases.HighCommissionPageTest"/>
  <testcase name="selectRelationTest" time="0.134" classname="com.ghana.app.qa.testcases.HighCommissionPageTest"/>
  <testcase name="emergencyProfessionDetailsTest" time="1.072" classname="com.ghana.app.qa.testcases.HighCommissionPageTest"/>
  <testcase name="clickOnCintinueBtnTest" time="4.402" classname="com.ghana.app.qa.testcases.HighCommissionPageTest"/>
  <testcase name="clickOnIsApplicantPossessionRoundTicketTest" time="0.112" classname="com.ghana.app.qa.testcases.HighCommissionPageTest"/>
  <testcase name="passDateOfDepartureTest" time="0.323" classname="com.ghana.app.qa.testcases.HighCommissionPageTest"/>
  <testcase name="passTicketNumberTest" time="0.203" classname="com.ghana.app.qa.testcases.HighCommissionPageTest"/>
  <testcase name="clickOnTravelByTest" time="0.132" classname="com.ghana.app.qa.testcases.HighCommissionPageTest"/>
  <testcase name="clickPurpose_of_journeyTest" time="0.118" classname="com.ghana.app.qa.testcases.HighCommissionPageTest"/>
  <testcase name="passPrimaryRefFirstnameTest" time="0.096" classname="com.ghana.app.qa.testcases.HighCommissionPageTest"/>
  <testcase name="passPrimaryRefLastnameTest" time="0.126" classname="com.ghana.app.qa.testcases.HighCommissionPageTest"/>
  <testcase name="pass_Primary_ref_addressTest" time="0.282" classname="com.ghana.app.qa.testcases.HighCommissionPageTest"/>
  <testcase name="pass_primary_ref_pincodeTest" time="0.114" classname="com.ghana.app.qa.testcases.HighCommissionPageTest"/>
  <testcase name="pass_primary_ref_cityTest" time="0.200" classname="com.ghana.app.qa.testcases.HighCommissionPageTest"/>
  <testcase name="pass_primary_ref_stateTest" time="0.181" classname="com.ghana.app.qa.testcases.HighCommissionPageTest"/>
  <testcase name="pass_primary_ref_countryTest" time="0.105" classname="com.ghana.app.qa.testcases.HighCommissionPageTest"/>
  <testcase name="pass_primary_ref_phone_numberTest" time="0.149" classname="com.ghana.app.qa.testcases.HighCommissionPageTest"/>
  <testcase name="PassSecondaryRefDetailsTest" time="1.256" classname="com.ghana.app.qa.testcases.HighCommissionPageTest"/>
  <testcase name="clickOnContinuebuttonTest" time="0.528" classname="com.ghana.app.qa.testcases.HighCommissionPageTest"/>
  <testcase name="getUploadDocTest" time="0.337" classname="com.ghana.app.qa.testcases.HighCommissionPageTest"/>
  <testcase name="clickOnContinuebuttonTest1" time="0.136" classname="com.ghana.app.qa.testcases.HighCommissionPageTest"/>
  <testcase name="getTextPersonalInfoTest" time="0.214" classname="com.ghana.app.qa.testcases.HighCommissionPageTest"/>
  <testcase name="getTextAddressInfoTest" time="0.264" classname="com.ghana.app.qa.testcases.HighCommissionPageTest"/>
  <testcase name="getTextEmergencyContactTest" time="0.298" classname="com.ghana.app.qa.testcases.HighCommissionPageTest"/>
  <testcase name="getTextTravelInfoTest" time="0.475" classname="com.ghana.app.qa.testcases.HighCommissionPageTest"/>
  <testcase name="clickOnContinueBtnTest" time="0.075" classname="com.ghana.app.qa.testcases.HighCommissionPageTest"/>
  <testcase name="verifyClickOnSubmitBtnTest" time="4.935" classname="com.ghana.app.qa.testcases.HighCommissionPageTest"/>
  <testcase name="loginIntoConsulate" time="6.609" classname="com.ghana.app.qa.testcases.HighCommissionPageTest"/>
  <testcase name="verifyTitleOfConsulateTitle" time="0.019" classname="com.ghana.app.qa.testcases.HighCommissionPageTest"/>
  <testcase name="clickOnNewApplicationCN" time="9.429" classname="com.ghana.app.qa.testcases.HighCommissionPageTest"/>
  <testcase name="clickOnAddressInforCN" time="0.697" classname="com.ghana.app.qa.testcases.HighCommissionPageTest"/>
  <testcase name="verfiyTitleOfCNTravelInfoPageCN" time="0.547" classname="com.ghana.app.qa.testcases.HighCommissionPageTest"/>
  <testcase name="verfiyTitleOfCNDocumentVerificatonPageCN" time="0.642" classname="com.ghana.app.qa.testcases.HighCommissionPageTest"/>
  <testcase name="clickOnApproveCN" time="3.395" classname="com.ghana.app.qa.testcases.HighCommissionPageTest"/>
  <testcase name="verifyApplicaInApprove" time="14.297" classname="com.ghana.app.qa.testcases.HighCommissionPageTest"/>
  <testcase name="verifyApplicationSentOpens" time="3.471" classname="com.ghana.app.qa.testcases.HighCommissionPageTest">
    <failure type="java.lang.AssertionError" message="The following asserts failed:
	Application is not sent to HCD side(Checked in Bucket) even after approved the application expected [This application is already sent to High Commsion forconfirmation, Are you sure you want to open this?] but found [This application is already sent to High Commsion for
confirmation, Are you sure you want to open this?]">
      <![CDATA[java.lang.AssertionError: The following asserts failed:
Application is not sent to HCD side(Checked in Bucket) even after approved the application expected [This application is already sent to High Commsion forconfirmation, Are you sure you want to open this?] but found [This application is already sent to High Commsion for
confirmation, Are you sure you want to open this?]
at org.testng.asserts.SoftAssert.assertAll(SoftAssert.java:43)
at com.ghana.app.qa.testcases.ConsulatePageTest.verifyApplicationSentOpens(ConsulatePageTest.java:116)
at sun.reflect.NativeMethodAccessorImpl.invoke0(Native Method)
at sun.reflect.NativeMethodAccessorImpl.invoke(NativeMethodAccessorImpl.java:62)
at sun.reflect.DelegatingMethodAccessorImpl.invoke(DelegatingMethodAccessorImpl.java:43)
at java.lang.reflect.Method.invoke(Method.java:498)
at org.testng.internal.MethodInvocationHelper.invokeMethod(MethodInvocationHelper.java:124)
at org.testng.internal.Invoker.invokeMethod(Invoker.java:583)
at org.testng.internal.Invoker.invokeTestMethod(Invoker.java:719)
at org.testng.internal.Invoker.invokeTestMethods(Invoker.java:989)
at org.testng.internal.TestMethodWorker.invokeTestMethods(TestMethodWorker.java:125)
at org.testng.internal.TestMethodWorker.run(TestMethodWorker.java:109)
at org.testng.TestRunner.privateRun(TestRunner.java:648)
at org.testng.TestRunner.run(TestRunner.java:505)
at org.testng.SuiteRunner.runTest(SuiteRunner.java:455)
at org.testng.SuiteRunner.runSequentially(SuiteRunner.java:450)
at org.testng.SuiteRunner.privateRun(SuiteRunner.java:415)
at org.testng.SuiteRunner.run(SuiteRunner.java:364)
at org.testng.SuiteRunnerWorker.runSuite(SuiteRunnerWorker.java:52)
at org.testng.SuiteRunnerWorker.run(SuiteRunnerWorker.java:84)
at org.testng.TestNG.runSuitesSequentially(TestNG.java:1208)
at org.testng.TestNG.runSuitesLocally(TestNG.java:1137)
at org.testng.TestNG.runSuites(TestNG.java:1049)
at org.testng.TestNG.run(TestNG.java:1017)
at org.testng.remote.AbstractRemoteTestNG.run(AbstractRemoteTestNG.java:114)
at org.testng.remote.RemoteTestNG.initAndRun(RemoteTestNG.java:251)
at org.testng.remote.RemoteTestNG.main(RemoteTestNG.java:77)
]]>
    </failure>
  </testcase> <!-- verifyApplicationSentOpens -->
  <testcase name="verifyCanceAndCrossButton" time="22.289" classname="com.ghana.app.qa.testcases.HighCommissionPageTest">
    <failure type="java.lang.AssertionError" message="The following asserts failed:
	Application is not sent to HCD side(Checked in Bucket) even after approved the application expected [This application is already sent to High Commsion forconfirmation, Are you sure you want to open this?] but found [This application is already sent to High Commsion for
confirmation, Are you sure you want to open this?]">
      <![CDATA[java.lang.AssertionError: The following asserts failed:
Application is not sent to HCD side(Checked in Bucket) even after approved the application expected [This application is already sent to High Commsion forconfirmation, Are you sure you want to open this?] but found [This application is already sent to High Commsion for
confirmation, Are you sure you want to open this?]
at org.testng.asserts.SoftAssert.assertAll(SoftAssert.java:43)
at com.ghana.app.qa.testcases.ConsulatePageTest.verifyCanceAndCrossButton(ConsulatePageTest.java:134)
at sun.reflect.NativeMethodAccessorImpl.invoke0(Native Method)
at sun.reflect.NativeMethodAccessorImpl.invoke(NativeMethodAccessorImpl.java:62)
at sun.reflect.DelegatingMethodAccessorImpl.invoke(DelegatingMethodAccessorImpl.java:43)
at java.lang.reflect.Method.invoke(Method.java:498)
at org.testng.internal.MethodInvocationHelper.invokeMethod(MethodInvocationHelper.java:124)
at org.testng.internal.Invoker.invokeMethod(Invoker.java:583)
at org.testng.internal.Invoker.invokeTestMethod(Invoker.java:719)
at org.testng.internal.Invoker.invokeTestMethods(Invoker.java:989)
at org.testng.internal.TestMethodWorker.invokeTestMethods(TestMethodWorker.java:125)
at org.testng.internal.TestMethodWorker.run(TestMethodWorker.java:109)
at org.testng.TestRunner.privateRun(TestRunner.java:648)
at org.testng.TestRunner.run(TestRunner.java:505)
at org.testng.SuiteRunner.runTest(SuiteRunner.java:455)
at org.testng.SuiteRunner.runSequentially(SuiteRunner.java:450)
at org.testng.SuiteRunner.privateRun(SuiteRunner.java:415)
at org.testng.SuiteRunner.run(SuiteRunner.java:364)
at org.testng.SuiteRunnerWorker.runSuite(SuiteRunnerWorker.java:52)
at org.testng.SuiteRunnerWorker.run(SuiteRunnerWorker.java:84)
at org.testng.TestNG.runSuitesSequentially(TestNG.java:1208)
at org.testng.TestNG.runSuitesLocally(TestNG.java:1137)
at org.testng.TestNG.runSuites(TestNG.java:1049)
at org.testng.TestNG.run(TestNG.java:1017)
at org.testng.remote.AbstractRemoteTestNG.run(AbstractRemoteTestNG.java:114)
at org.testng.remote.RemoteTestNG.initAndRun(RemoteTestNG.java:251)
at org.testng.remote.RemoteTestNG.main(RemoteTestNG.java:77)
]]>
    </failure>
  </testcase> <!-- verifyCanceAndCrossButton -->
  <testcase name="loginIntoHighCommission" time="5.748" classname="com.ghana.app.qa.testcases.HighCommissionPageTest"/>
  <testcase name="verifHighCommissionPageTitle" time="0.146" classname="com.ghana.app.qa.testcases.HighCommissionPageTest"/>
  <testcase name="clickOnNewApplication" time="5.873" classname="com.ghana.app.qa.testcases.HighCommissionPageTest"/>
  <testcase name="passComment" time="0.943" classname="com.ghana.app.qa.testcases.HighCommissionPageTest"/>
  <testcase name="clickOnConfirmedAirTicketWindowClose" time="6.348" classname="com.ghana.app.qa.testcases.HighCommissionPageTest"/>
  <testcase name="clickOnConfirmedAirTicketWindow" time="11.165" classname="com.ghana.app.qa.testcases.HighCommissionPageTest"/>
  <testcase name="clickOnOnPhotoClose" time="2.816" classname="com.ghana.app.qa.testcases.HighCommissionPageTest"/>
  <testcase name="clickOnOnPhoto" time="7.672" classname="com.ghana.app.qa.testcases.HighCommissionPageTest"/>
  <testcase name="clickOnYellowFevervaccinationClose" time="2.977" classname="com.ghana.app.qa.testcases.HighCommissionPageTest"/>
  <testcase name="clickOnYellowFevervaccination" time="7.687" classname="com.ghana.app.qa.testcases.HighCommissionPageTest"/>
  <testcase name="clickOnCoveringLetterClose" time="2.859" classname="com.ghana.app.qa.testcases.HighCommissionPageTest"/>
  <testcase name="clickOnCoveringLetter" time="7.677" classname="com.ghana.app.qa.testcases.HighCommissionPageTest"/>
  <testcase name="clickOnPhotoOfDraftClose" time="6.835" classname="com.ghana.app.qa.testcases.HighCommissionPageTest"/>
  <testcase name="clickOnPhotoOfDraft" time="11.696" classname="com.ghana.app.qa.testcases.HighCommissionPageTest"/>
  <testcase name="clickOnIdProofReferenceClose" time="4.821" classname="com.ghana.app.qa.testcases.HighCommissionPageTest"/>
  <testcase name="clickOnIdProofReference" time="9.679" classname="com.ghana.app.qa.testcases.HighCommissionPageTest"/>
  <testcase name="clickOnOriginalInvitationLetterClose" time="3.050" classname="com.ghana.app.qa.testcases.HighCommissionPageTest"/>
  <testcase name="clickOnOriginalInvitationLetter" time="7.679" classname="com.ghana.app.qa.testcases.HighCommissionPageTest"/>
  <testcase name="clickOnProofOfTransitVisaClose" time="2.899" classname="com.ghana.app.qa.testcases.HighCommissionPageTest"/>
  <testcase name="clickOnProofOfTransitVisa" time="7.685" classname="com.ghana.app.qa.testcases.HighCommissionPageTest"/>
  <testcase name="verfiyTitleOfCNDocumentVerificatonPage" time="0.593" classname="com.ghana.app.qa.testcases.HighCommissionPageTest"/>
  <testcase name="selectAllCheckBoxAndVerify" time="4.581" classname="com.ghana.app.qa.testcases.HighCommissionPageTest"/>
  <testcase name="selectOneByOneCheckBoxAndVerify" time="3.299" classname="com.ghana.app.qa.testcases.HighCommissionPageTest"/>
  <testcase name="clickOnApproveAndVerifyPopText" time="0.746" classname="com.ghana.app.qa.testcases.HighCommissionPageTest"/>
  <testcase name="clickOnApproveAndVerifyPopText1" time="6.724" classname="com.ghana.app.qa.testcases.HighCommissionPageTest"/>
  <testcase name="clickOnRejectAndVerifyPopText" time="3.762" classname="com.ghana.app.qa.testcases.HighCommissionPageTest"/>
  <testcase name="clickOnRejectAndVerifyPopText1" time="6.750" classname="com.ghana.app.qa.testcases.HighCommissionPageTest"/>
  <testcase name="clickOnInterviewScheduleAndcancel" time="9.465" classname="com.ghana.app.qa.testcases.HighCommissionPageTest"/>
  <testcase name="clickOnInterviewScheduleAndClose" time="9.257" classname="com.ghana.app.qa.testcases.HighCommissionPageTest"/>
  <testcase name="passDateAndTimeInFiled" time="10.987" classname="com.ghana.app.qa.testcases.HighCommissionPageTest"/>
  <testcase name="clickOnPreviousButtonAndVerifyTitleApplicantInformation" time="0.979" classname="com.ghana.app.qa.testcases.HighCommissionPageTest"/>
  <testcase name="clickOnNextButtonAndVerifyTitleDocumentVerifi" time="1.458" classname="com.ghana.app.qa.testcases.HighCommissionPageTest"/>
  <testcase name="getTextFromApplicantInformation" time="8.770" classname="com.ghana.app.qa.testcases.HighCommissionPageTest"/>
  <testcase name="getTextFromAddressInformation" time="0.141" classname="com.ghana.app.qa.testcases.HighCommissionPageTest"/>
  <testcase name="getTextFromTravelInformation" time="0.528" classname="com.ghana.app.qa.testcases.HighCommissionPageTest">
    <failure type="java.lang.AssertionError" message="The following asserts failed:
	Provided and Get Landmark are not matched 2 expected [77436 Fairview Trail, Sekondi-Takoradi,Kumasi,Ashanti[4],Ghana,GA015] but found [77436 Fairview Trail, Sekondi-Takoradi]">
      <![CDATA[java.lang.AssertionError: The following asserts failed:
Provided and Get Landmark are not matched 2 expected [77436 Fairview Trail, Sekondi-Takoradi,Kumasi,Ashanti[4],Ghana,GA015] but found [77436 Fairview Trail, Sekondi-Takoradi]
at org.testng.asserts.SoftAssert.assertAll(SoftAssert.java:43)
at com.ghana.app.qa.testcases.HighCommissionPageTest.getTextFromTravelInformation(HighCommissionPageTest.java:525)
at sun.reflect.NativeMethodAccessorImpl.invoke0(Native Method)
at sun.reflect.NativeMethodAccessorImpl.invoke(NativeMethodAccessorImpl.java:62)
at sun.reflect.DelegatingMethodAccessorImpl.invoke(DelegatingMethodAccessorImpl.java:43)
at java.lang.reflect.Method.invoke(Method.java:498)
at org.testng.internal.MethodInvocationHelper.invokeMethod(MethodInvocationHelper.java:124)
at org.testng.internal.Invoker.invokeMethod(Invoker.java:583)
at org.testng.internal.Invoker.invokeTestMethod(Invoker.java:719)
at org.testng.internal.Invoker.invokeTestMethods(Invoker.java:989)
at org.testng.internal.TestMethodWorker.invokeTestMethods(TestMethodWorker.java:125)
at org.testng.internal.TestMethodWorker.run(TestMethodWorker.java:109)
at org.testng.TestRunner.privateRun(TestRunner.java:648)
at org.testng.TestRunner.run(TestRunner.java:505)
at org.testng.SuiteRunner.runTest(SuiteRunner.java:455)
at org.testng.SuiteRunner.runSequentially(SuiteRunner.java:450)
at org.testng.SuiteRunner.privateRun(SuiteRunner.java:415)
at org.testng.SuiteRunner.run(SuiteRunner.java:364)
at org.testng.SuiteRunnerWorker.runSuite(SuiteRunnerWorker.java:52)
at org.testng.SuiteRunnerWorker.run(SuiteRunnerWorker.java:84)
at org.testng.TestNG.runSuitesSequentially(TestNG.java:1208)
at org.testng.TestNG.runSuitesLocally(TestNG.java:1137)
at org.testng.TestNG.runSuites(TestNG.java:1049)
at org.testng.TestNG.run(TestNG.java:1017)
at org.testng.remote.AbstractRemoteTestNG.run(AbstractRemoteTestNG.java:114)
at org.testng.remote.RemoteTestNG.initAndRun(RemoteTestNG.java:251)
at org.testng.remote.RemoteTestNG.main(RemoteTestNG.java:77)
]]>
    </failure>
  </testcase> <!-- getTextFromTravelInformation -->
  <testcase name="approveApplication" time="8.939" classname="com.ghana.app.qa.testcases.HighCommissionPageTest">
    <failure type="java.lang.AssertionError" message="The following asserts failed:
	Provided and Get Landmark are not matched 2 expected [77436 Fairview Trail, Sekondi-Takoradi,Kumasi,Ashanti[4],Ghana,GA015] but found [77436 Fairview Trail, Sekondi-Takoradi]">
      <![CDATA[java.lang.AssertionError: The following asserts failed:
Provided and Get Landmark are not matched 2 expected [77436 Fairview Trail, Sekondi-Takoradi,Kumasi,Ashanti[4],Ghana,GA015] but found [77436 Fairview Trail, Sekondi-Takoradi]
at org.testng.asserts.SoftAssert.assertAll(SoftAssert.java:43)
at com.ghana.app.qa.testcases.HighCommissionPageTest.approveApplication(HighCommissionPageTest.java:539)
at sun.reflect.NativeMethodAccessorImpl.invoke0(Native Method)
at sun.reflect.NativeMethodAccessorImpl.invoke(NativeMethodAccessorImpl.java:62)
at sun.reflect.DelegatingMethodAccessorImpl.invoke(DelegatingMethodAccessorImpl.java:43)
at java.lang.reflect.Method.invoke(Method.java:498)
at org.testng.internal.MethodInvocationHelper.invokeMethod(MethodInvocationHelper.java:124)
at org.testng.internal.Invoker.invokeMethod(Invoker.java:583)
at org.testng.internal.Invoker.invokeTestMethod(Invoker.java:719)
at org.testng.internal.Invoker.invokeTestMethods(Invoker.java:989)
at org.testng.internal.TestMethodWorker.invokeTestMethods(TestMethodWorker.java:125)
at org.testng.internal.TestMethodWorker.run(TestMethodWorker.java:109)
at org.testng.TestRunner.privateRun(TestRunner.java:648)
at org.testng.TestRunner.run(TestRunner.java:505)
at org.testng.SuiteRunner.runTest(SuiteRunner.java:455)
at org.testng.SuiteRunner.runSequentially(SuiteRunner.java:450)
at org.testng.SuiteRunner.privateRun(SuiteRunner.java:415)
at org.testng.SuiteRunner.run(SuiteRunner.java:364)
at org.testng.SuiteRunnerWorker.runSuite(SuiteRunnerWorker.java:52)
at org.testng.SuiteRunnerWorker.run(SuiteRunnerWorker.java:84)
at org.testng.TestNG.runSuitesSequentially(TestNG.java:1208)
at org.testng.TestNG.runSuitesLocally(TestNG.java:1137)
at org.testng.TestNG.runSuites(TestNG.java:1049)
at org.testng.TestNG.run(TestNG.java:1017)
at org.testng.remote.AbstractRemoteTestNG.run(AbstractRemoteTestNG.java:114)
at org.testng.remote.RemoteTestNG.initAndRun(RemoteTestNG.java:251)
at org.testng.remote.RemoteTestNG.main(RemoteTestNG.java:77)
]]>
    </failure>
  </testcase> <!-- approveApplication -->
  <testcase name="verifyApplicationInApproveBucketInCN" time="12.986" classname="com.ghana.app.qa.testcases.HighCommissionPageTest">
    <failure type="java.lang.AssertionError" message="The following asserts failed:
	Provided and Get Landmark are not matched 2 expected [77436 Fairview Trail, Sekondi-Takoradi,Kumasi,Ashanti[4],Ghana,GA015] but found [77436 Fairview Trail, Sekondi-Takoradi]">
      <![CDATA[java.lang.AssertionError: The following asserts failed:
Provided and Get Landmark are not matched 2 expected [77436 Fairview Trail, Sekondi-Takoradi,Kumasi,Ashanti[4],Ghana,GA015] but found [77436 Fairview Trail, Sekondi-Takoradi]
at org.testng.asserts.SoftAssert.assertAll(SoftAssert.java:43)
at com.ghana.app.qa.testcases.HighCommissionPageTest.verifyApplicationInApproveBucketInCN(HighCommissionPageTest.java:557)
at sun.reflect.NativeMethodAccessorImpl.invoke0(Native Method)
at sun.reflect.NativeMethodAccessorImpl.invoke(NativeMethodAccessorImpl.java:62)
at sun.reflect.DelegatingMethodAccessorImpl.invoke(DelegatingMethodAccessorImpl.java:43)
at java.lang.reflect.Method.invoke(Method.java:498)
at org.testng.internal.MethodInvocationHelper.invokeMethod(MethodInvocationHelper.java:124)
at org.testng.internal.Invoker.invokeMethod(Invoker.java:583)
at org.testng.internal.Invoker.invokeTestMethod(Invoker.java:719)
at org.testng.internal.Invoker.invokeTestMethods(Invoker.java:989)
at org.testng.internal.TestMethodWorker.invokeTestMethods(TestMethodWorker.java:125)
at org.testng.internal.TestMethodWorker.run(TestMethodWorker.java:109)
at org.testng.TestRunner.privateRun(TestRunner.java:648)
at org.testng.TestRunner.run(TestRunner.java:505)
at org.testng.SuiteRunner.runTest(SuiteRunner.java:455)
at org.testng.SuiteRunner.runSequentially(SuiteRunner.java:450)
at org.testng.SuiteRunner.privateRun(SuiteRunner.java:415)
at org.testng.SuiteRunner.run(SuiteRunner.java:364)
at org.testng.SuiteRunnerWorker.runSuite(SuiteRunnerWorker.java:52)
at org.testng.SuiteRunnerWorker.run(SuiteRunnerWorker.java:84)
at org.testng.TestNG.runSuitesSequentially(TestNG.java:1208)
at org.testng.TestNG.runSuitesLocally(TestNG.java:1137)
at org.testng.TestNG.runSuites(TestNG.java:1049)
at org.testng.TestNG.run(TestNG.java:1017)
at org.testng.remote.AbstractRemoteTestNG.run(AbstractRemoteTestNG.java:114)
at org.testng.remote.RemoteTestNG.initAndRun(RemoteTestNG.java:251)
at org.testng.remote.RemoteTestNG.main(RemoteTestNG.java:77)
]]>
    </failure>
  </testcase> <!-- verifyApplicationInApproveBucketInCN -->
</testsuite> <!-- com.ghana.app.qa.testcases.HighCommissionPageTest -->
